[2015-09-11 16:49:40] production.ERROR: exception 'Symfony\Component\HttpKernel\Exception\NotFoundHttpException' in /Users/jorgegonzac/Documents/SAD/RAS/bootstrap/compiled.php:5751
Stack trace:
#0 /Users/jorgegonzac/Documents/SAD/RAS/bootstrap/compiled.php(5073): Illuminate\Routing\RouteCollection->match(Object(Illuminate\Http\Request))
#1 /Users/jorgegonzac/Documents/SAD/RAS/bootstrap/compiled.php(5061): Illuminate\Routing\Router->findRoute(Object(Illuminate\Http\Request))
#2 /Users/jorgegonzac/Documents/SAD/RAS/bootstrap/compiled.php(5053): Illuminate\Routing\Router->dispatchToRoute(Object(Illuminate\Http\Request))
#3 /Users/jorgegonzac/Documents/SAD/RAS/bootstrap/compiled.php(715): Illuminate\Routing\Router->dispatch(Object(Illuminate\Http\Request))
#4 /Users/jorgegonzac/Documents/SAD/RAS/bootstrap/compiled.php(696): Illuminate\Foundation\Application->dispatch(Object(Illuminate\Http\Request))
#5 /Users/jorgegonzac/Documents/SAD/RAS/bootstrap/compiled.php(7825): Illuminate\Foundation\Application->handle(Object(Illuminate\Http\Request), 1, true)
#6 /Users/jorgegonzac/Documents/SAD/RAS/bootstrap/compiled.php(8432): Illuminate\Session\Middleware->handle(Object(Illuminate\Http\Request), 1, true)
#7 /Users/jorgegonzac/Documents/SAD/RAS/bootstrap/compiled.php(8379): Illuminate\Cookie\Queue->handle(Object(Illuminate\Http\Request), 1, true)
#8 /Users/jorgegonzac/Documents/SAD/RAS/bootstrap/compiled.php(11088): Illuminate\Cookie\Guard->handle(Object(Illuminate\Http\Request), 1, true)
#9 /Users/jorgegonzac/Documents/SAD/RAS/bootstrap/compiled.php(657): Stack\StackedHttpKernel->handle(Object(Illuminate\Http\Request))
#10 /Users/jorgegonzac/Documents/SAD/RAS/public/index.php(49): Illuminate\Foundation\Application->run()
#11 /Users/jorgegonzac/Documents/SAD/RAS/server.php(19): require_once('/Users/jorgegon...')
#12 {main} [] []
[2015-09-18 16:24:55] production.ERROR: exception 'InvalidArgumentException' with message 'View [includes.head] not found.' in /Users/jorgegonzac/Documents/SAD/RAS/bootstrap/compiled.php:9554
Stack trace:
#0 /Users/jorgegonzac/Documents/SAD/RAS/bootstrap/compiled.php(9527): Illuminate\View\FileViewFinder->findInPaths('includes.head', Array)
#1 /Users/jorgegonzac/Documents/SAD/RAS/vendor/laravel/framework/src/Illuminate/View/Factory.php(124): Illuminate\View\FileViewFinder->find('includes.head')
#2 /Users/jorgegonzac/Documents/SAD/RAS/app/storage/views/b04aeff20a733ef329e3248fa3be13c6(4): Illuminate\View\Factory->make('includes.head', Array)
#3 /Users/jorgegonzac/Documents/SAD/RAS/bootstrap/compiled.php(9923): include('/Users/jorgegon...')
#4 /Users/jorgegonzac/Documents/SAD/RAS/vendor/laravel/framework/src/Illuminate/View/Engines/CompilerEngine.php(56): Illuminate\View\Engines\PhpEngine->evaluatePath('/Users/jorgegon...', Array)
#5 /Users/jorgegonzac/Documents/SAD/RAS/bootstrap/compiled.php(9801): Illuminate\View\Engines\CompilerEngine->get('/Users/jorgegon...', Array)
#6 /Users/jorgegonzac/Documents/SAD/RAS/bootstrap/compiled.php(9788): Illuminate\View\View->getContents()
#7 /Users/jorgegonzac/Documents/SAD/RAS/bootstrap/compiled.php(9779): Illuminate\View\View->renderContents()
#8 /Users/jorgegonzac/Documents/SAD/RAS/bootstrap/compiled.php(10481): Illuminate\View\View->render()
#9 /Users/jorgegonzac/Documents/SAD/RAS/bootstrap/compiled.php(10011): Illuminate\Http\Response->setContent(Object(Illuminate\View\View))
#10 /Users/jorgegonzac/Documents/SAD/RAS/bootstrap/compiled.php(5258): Symfony\Component\HttpFoundation\Response->__construct(Object(Illuminate\View\View))
#11 /Users/jorgegonzac/Documents/SAD/RAS/bootstrap/compiled.php(5067): Illuminate\Routing\Router->prepareResponse(Object(Illuminate\Http\Request), Object(Illuminate\View\View))
#12 /Users/jorgegonzac/Documents/SAD/RAS/bootstrap/compiled.php(5053): Illuminate\Routing\Router->dispatchToRoute(Object(Illuminate\Http\Request))
#13 /Users/jorgegonzac/Documents/SAD/RAS/bootstrap/compiled.php(715): Illuminate\Routing\Router->dispatch(Object(Illuminate\Http\Request))
#14 /Users/jorgegonzac/Documents/SAD/RAS/bootstrap/compiled.php(696): Illuminate\Foundation\Application->dispatch(Object(Illuminate\Http\Request))
#15 /Users/jorgegonzac/Documents/SAD/RAS/bootstrap/compiled.php(7825): Illuminate\Foundation\Application->handle(Object(Illuminate\Http\Request), 1, true)
#16 /Users/jorgegonzac/Documents/SAD/RAS/bootstrap/compiled.php(8432): Illuminate\Session\Middleware->handle(Object(Illuminate\Http\Request), 1, true)
#17 /Users/jorgegonzac/Documents/SAD/RAS/bootstrap/compiled.php(8379): Illuminate\Cookie\Queue->handle(Object(Illuminate\Http\Request), 1, true)
#18 /Users/jorgegonzac/Documents/SAD/RAS/bootstrap/compiled.php(11088): Illuminate\Cookie\Guard->handle(Object(Illuminate\Http\Request), 1, true)
#19 /Users/jorgegonzac/Documents/SAD/RAS/bootstrap/compiled.php(657): Stack\StackedHttpKernel->handle(Object(Illuminate\Http\Request))
#20 /Users/jorgegonzac/Documents/SAD/RAS/public/index.php(49): Illuminate\Foundation\Application->run()
#21 /Users/jorgegonzac/Documents/SAD/RAS/server.php(19): require_once('/Users/jorgegon...')
#22 {main}

Next exception 'ErrorException' with message 'View [includes.head] not found. (View: /Users/jorgegonzac/Documents/SAD/RAS/app/views/login.blade.php)' in /Users/jorgegonzac/Documents/SAD/RAS/bootstrap/compiled.php:9554
Stack trace:
#0 /Users/jorgegonzac/Documents/SAD/RAS/bootstrap/compiled.php(9925): Illuminate\View\Engines\CompilerEngine->handleViewException(Object(InvalidArgumentException), 1)
#1 /Users/jorgegonzac/Documents/SAD/RAS/vendor/laravel/framework/src/Illuminate/View/Engines/CompilerEngine.php(56): Illuminate\View\Engines\PhpEngine->evaluatePath('/Users/jorgegon...', Array)
#2 /Users/jorgegonzac/Documents/SAD/RAS/bootstrap/compiled.php(9801): Illuminate\View\Engines\CompilerEngine->get('/Users/jorgegon...', Array)
#3 /Users/jorgegonzac/Documents/SAD/RAS/bootstrap/compiled.php(9788): Illuminate\View\View->getContents()
#4 /Users/jorgegonzac/Documents/SAD/RAS/bootstrap/compiled.php(9779): Illuminate\View\View->renderContents()
#5 /Users/jorgegonzac/Documents/SAD/RAS/bootstrap/compiled.php(10481): Illuminate\View\View->render()
#6 /Users/jorgegonzac/Documents/SAD/RAS/bootstrap/compiled.php(10011): Illuminate\Http\Response->setContent(Object(Illuminate\View\View))
#7 /Users/jorgegonzac/Documents/SAD/RAS/bootstrap/compiled.php(5258): Symfony\Component\HttpFoundation\Response->__construct(Object(Illuminate\View\View))
#8 /Users/jorgegonzac/Documents/SAD/RAS/bootstrap/compiled.php(5067): Illuminate\Routing\Router->prepareResponse(Object(Illuminate\Http\Request), Object(Illuminate\View\View))
#9 /Users/jorgegonzac/Documents/SAD/RAS/bootstrap/compiled.php(5053): Illuminate\Routing\Router->dispatchToRoute(Object(Illuminate\Http\Request))
#10 /Users/jorgegonzac/Documents/SAD/RAS/bootstrap/compiled.php(715): Illuminate\Routing\Router->dispatch(Object(Illuminate\Http\Request))
#11 /Users/jorgegonzac/Documents/SAD/RAS/bootstrap/compiled.php(696): Illuminate\Foundation\Application->dispatch(Object(Illuminate\Http\Request))
#12 /Users/jorgegonzac/Documents/SAD/RAS/bootstrap/compiled.php(7825): Illuminate\Foundation\Application->handle(Object(Illuminate\Http\Request), 1, true)
#13 /Users/jorgegonzac/Documents/SAD/RAS/bootstrap/compiled.php(8432): Illuminate\Session\Middleware->handle(Object(Illuminate\Http\Request), 1, true)
#14 /Users/jorgegonzac/Documents/SAD/RAS/bootstrap/compiled.php(8379): Illuminate\Cookie\Queue->handle(Object(Illuminate\Http\Request), 1, true)
#15 /Users/jorgegonzac/Documents/SAD/RAS/bootstrap/compiled.php(11088): Illuminate\Cookie\Guard->handle(Object(Illuminate\Http\Request), 1, true)
#16 /Users/jorgegonzac/Documents/SAD/RAS/bootstrap/compiled.php(657): Stack\StackedHttpKernel->handle(Object(Illuminate\Http\Request))
#17 /Users/jorgegonzac/Documents/SAD/RAS/public/index.php(49): Illuminate\Foundation\Application->run()
#18 /Users/jorgegonzac/Documents/SAD/RAS/server.php(19): require_once('/Users/jorgegon...')
#19 {main} [] []
[2015-09-18 16:25:42] production.ERROR: exception 'InvalidArgumentException' with message 'View [includes.head] not found.' in /Users/jorgegonzac/Documents/SAD/RAS/bootstrap/compiled.php:9554
Stack trace:
#0 /Users/jorgegonzac/Documents/SAD/RAS/bootstrap/compiled.php(9527): Illuminate\View\FileViewFinder->findInPaths('includes.head', Array)
#1 /Users/jorgegonzac/Documents/SAD/RAS/vendor/laravel/framework/src/Illuminate/View/Factory.php(124): Illuminate\View\FileViewFinder->find('includes.head')
#2 /Users/jorgegonzac/Documents/SAD/RAS/app/storage/views/b04aeff20a733ef329e3248fa3be13c6(4): Illuminate\View\Factory->make('includes.head', Array)
#3 /Users/jorgegonzac/Documents/SAD/RAS/bootstrap/compiled.php(9923): include('/Users/jorgegon...')
#4 /Users/jorgegonzac/Documents/SAD/RAS/vendor/laravel/framework/src/Illuminate/View/Engines/CompilerEngine.php(56): Illuminate\View\Engines\PhpEngine->evaluatePath('/Users/jorgegon...', Array)
#5 /Users/jorgegonzac/Documents/SAD/RAS/bootstrap/compiled.php(9801): Illuminate\View\Engines\CompilerEngine->get('/Users/jorgegon...', Array)
#6 /Users/jorgegonzac/Documents/SAD/RAS/bootstrap/compiled.php(9788): Illuminate\View\View->getContents()
#7 /Users/jorgegonzac/Documents/SAD/RAS/bootstrap/compiled.php(9779): Illuminate\View\View->renderContents()
#8 /Users/jorgegonzac/Documents/SAD/RAS/bootstrap/compiled.php(10481): Illuminate\View\View->render()
#9 /Users/jorgegonzac/Documents/SAD/RAS/bootstrap/compiled.php(10011): Illuminate\Http\Response->setContent(Object(Illuminate\View\View))
#10 /Users/jorgegonzac/Documents/SAD/RAS/bootstrap/compiled.php(5258): Symfony\Component\HttpFoundation\Response->__construct(Object(Illuminate\View\View))
#11 /Users/jorgegonzac/Documents/SAD/RAS/bootstrap/compiled.php(5067): Illuminate\Routing\Router->prepareResponse(Object(Illuminate\Http\Request), Object(Illuminate\View\View))
#12 /Users/jorgegonzac/Documents/SAD/RAS/bootstrap/compiled.php(5053): Illuminate\Routing\Router->dispatchToRoute(Object(Illuminate\Http\Request))
#13 /Users/jorgegonzac/Documents/SAD/RAS/bootstrap/compiled.php(715): Illuminate\Routing\Router->dispatch(Object(Illuminate\Http\Request))
#14 /Users/jorgegonzac/Documents/SAD/RAS/bootstrap/compiled.php(696): Illuminate\Foundation\Application->dispatch(Object(Illuminate\Http\Request))
#15 /Users/jorgegonzac/Documents/SAD/RAS/bootstrap/compiled.php(7825): Illuminate\Foundation\Application->handle(Object(Illuminate\Http\Request), 1, true)
#16 /Users/jorgegonzac/Documents/SAD/RAS/bootstrap/compiled.php(8432): Illuminate\Session\Middleware->handle(Object(Illuminate\Http\Request), 1, true)
#17 /Users/jorgegonzac/Documents/SAD/RAS/bootstrap/compiled.php(8379): Illuminate\Cookie\Queue->handle(Object(Illuminate\Http\Request), 1, true)
#18 /Users/jorgegonzac/Documents/SAD/RAS/bootstrap/compiled.php(11088): Illuminate\Cookie\Guard->handle(Object(Illuminate\Http\Request), 1, true)
#19 /Users/jorgegonzac/Documents/SAD/RAS/bootstrap/compiled.php(657): Stack\StackedHttpKernel->handle(Object(Illuminate\Http\Request))
#20 /Users/jorgegonzac/Documents/SAD/RAS/public/index.php(49): Illuminate\Foundation\Application->run()
#21 /Users/jorgegonzac/Documents/SAD/RAS/server.php(19): require_once('/Users/jorgegon...')
#22 {main}

Next exception 'ErrorException' with message 'View [includes.head] not found. (View: /Users/jorgegonzac/Documents/SAD/RAS/app/views/login.blade.php)' in /Users/jorgegonzac/Documents/SAD/RAS/bootstrap/compiled.php:9554
Stack trace:
#0 /Users/jorgegonzac/Documents/SAD/RAS/bootstrap/compiled.php(9925): Illuminate\View\Engines\CompilerEngine->handleViewException(Object(InvalidArgumentException), 1)
#1 /Users/jorgegonzac/Documents/SAD/RAS/vendor/laravel/framework/src/Illuminate/View/Engines/CompilerEngine.php(56): Illuminate\View\Engines\PhpEngine->evaluatePath('/Users/jorgegon...', Array)
#2 /Users/jorgegonzac/Documents/SAD/RAS/bootstrap/compiled.php(9801): Illuminate\View\Engines\CompilerEngine->get('/Users/jorgegon...', Array)
#3 /Users/jorgegonzac/Documents/SAD/RAS/bootstrap/compiled.php(9788): Illuminate\View\View->getContents()
#4 /Users/jorgegonzac/Documents/SAD/RAS/bootstrap/compiled.php(9779): Illuminate\View\View->renderContents()
#5 /Users/jorgegonzac/Documents/SAD/RAS/bootstrap/compiled.php(10481): Illuminate\View\View->render()
#6 /Users/jorgegonzac/Documents/SAD/RAS/bootstrap/compiled.php(10011): Illuminate\Http\Response->setContent(Object(Illuminate\View\View))
#7 /Users/jorgegonzac/Documents/SAD/RAS/bootstrap/compiled.php(5258): Symfony\Component\HttpFoundation\Response->__construct(Object(Illuminate\View\View))
#8 /Users/jorgegonzac/Documents/SAD/RAS/bootstrap/compiled.php(5067): Illuminate\Routing\Router->prepareResponse(Object(Illuminate\Http\Request), Object(Illuminate\View\View))
#9 /Users/jorgegonzac/Documents/SAD/RAS/bootstrap/compiled.php(5053): Illuminate\Routing\Router->dispatchToRoute(Object(Illuminate\Http\Request))
#10 /Users/jorgegonzac/Documents/SAD/RAS/bootstrap/compiled.php(715): Illuminate\Routing\Router->dispatch(Object(Illuminate\Http\Request))
#11 /Users/jorgegonzac/Documents/SAD/RAS/bootstrap/compiled.php(696): Illuminate\Foundation\Application->dispatch(Object(Illuminate\Http\Request))
#12 /Users/jorgegonzac/Documents/SAD/RAS/bootstrap/compiled.php(7825): Illuminate\Foundation\Application->handle(Object(Illuminate\Http\Request), 1, true)
#13 /Users/jorgegonzac/Documents/SAD/RAS/bootstrap/compiled.php(8432): Illuminate\Session\Middleware->handle(Object(Illuminate\Http\Request), 1, true)
#14 /Users/jorgegonzac/Documents/SAD/RAS/bootstrap/compiled.php(8379): Illuminate\Cookie\Queue->handle(Object(Illuminate\Http\Request), 1, true)
#15 /Users/jorgegonzac/Documents/SAD/RAS/bootstrap/compiled.php(11088): Illuminate\Cookie\Guard->handle(Object(Illuminate\Http\Request), 1, true)
#16 /Users/jorgegonzac/Documents/SAD/RAS/bootstrap/compiled.php(657): Stack\StackedHttpKernel->handle(Object(Illuminate\Http\Request))
#17 /Users/jorgegonzac/Documents/SAD/RAS/public/index.php(49): Illuminate\Foundation\Application->run()
#18 /Users/jorgegonzac/Documents/SAD/RAS/server.php(19): require_once('/Users/jorgegon...')
#19 {main} [] []
[2015-09-18 16:26:14] production.ERROR: exception 'InvalidArgumentException' with message 'Route [sessions.store] not defined.' in /Users/jorgegonzac/Documents/SAD/RAS/bootstrap/compiled.php:5989
Stack trace:
#0 /Users/jorgegonzac/Documents/SAD/RAS/vendor/laravel/framework/src/Illuminate/Html/FormBuilder.php(817): Illuminate\Routing\UrlGenerator->route('sessions.store')
#1 /Users/jorgegonzac/Documents/SAD/RAS/vendor/laravel/framework/src/Illuminate/Html/FormBuilder.php(774): Illuminate\Html\FormBuilder->getRouteAction('sessions.store')
#2 /Users/jorgegonzac/Documents/SAD/RAS/vendor/laravel/framework/src/Illuminate/Html/FormBuilder.php(104): Illuminate\Html\FormBuilder->getAction(Array)
#3 /Users/jorgegonzac/Documents/SAD/RAS/bootstrap/compiled.php(3267): Illuminate\Html\FormBuilder->open(Array)
#4 /Users/jorgegonzac/Documents/SAD/RAS/app/storage/views/b04aeff20a733ef329e3248fa3be13c6(18): Illuminate\Support\Facades\Facade::__callStatic('open', Array)
#5 /Users/jorgegonzac/Documents/SAD/RAS/app/storage/views/b04aeff20a733ef329e3248fa3be13c6(18): Illuminate\Support\Facades\Form::open(Array)
#6 /Users/jorgegonzac/Documents/SAD/RAS/bootstrap/compiled.php(9923): include('/Users/jorgegon...')
#7 /Users/jorgegonzac/Documents/SAD/RAS/vendor/laravel/framework/src/Illuminate/View/Engines/CompilerEngine.php(56): Illuminate\View\Engines\PhpEngine->evaluatePath('/Users/jorgegon...', Array)
#8 /Users/jorgegonzac/Documents/SAD/RAS/bootstrap/compiled.php(9801): Illuminate\View\Engines\CompilerEngine->get('/Users/jorgegon...', Array)
#9 /Users/jorgegonzac/Documents/SAD/RAS/bootstrap/compiled.php(9788): Illuminate\View\View->getContents()
#10 /Users/jorgegonzac/Documents/SAD/RAS/bootstrap/compiled.php(9779): Illuminate\View\View->renderContents()
#11 /Users/jorgegonzac/Documents/SAD/RAS/bootstrap/compiled.php(10481): Illuminate\View\View->render()
#12 /Users/jorgegonzac/Documents/SAD/RAS/bootstrap/compiled.php(10011): Illuminate\Http\Response->setContent(Object(Illuminate\View\View))
#13 /Users/jorgegonzac/Documents/SAD/RAS/bootstrap/compiled.php(5258): Symfony\Component\HttpFoundation\Response->__construct(Object(Illuminate\View\View))
#14 /Users/jorgegonzac/Documents/SAD/RAS/bootstrap/compiled.php(5067): Illuminate\Routing\Router->prepareResponse(Object(Illuminate\Http\Request), Object(Illuminate\View\View))
#15 /Users/jorgegonzac/Documents/SAD/RAS/bootstrap/compiled.php(5053): Illuminate\Routing\Router->dispatchToRoute(Object(Illuminate\Http\Request))
#16 /Users/jorgegonzac/Documents/SAD/RAS/bootstrap/compiled.php(715): Illuminate\Routing\Router->dispatch(Object(Illuminate\Http\Request))
#17 /Users/jorgegonzac/Documents/SAD/RAS/bootstrap/compiled.php(696): Illuminate\Foundation\Application->dispatch(Object(Illuminate\Http\Request))
#18 /Users/jorgegonzac/Documents/SAD/RAS/bootstrap/compiled.php(7825): Illuminate\Foundation\Application->handle(Object(Illuminate\Http\Request), 1, true)
#19 /Users/jorgegonzac/Documents/SAD/RAS/bootstrap/compiled.php(8432): Illuminate\Session\Middleware->handle(Object(Illuminate\Http\Request), 1, true)
#20 /Users/jorgegonzac/Documents/SAD/RAS/bootstrap/compiled.php(8379): Illuminate\Cookie\Queue->handle(Object(Illuminate\Http\Request), 1, true)
#21 /Users/jorgegonzac/Documents/SAD/RAS/bootstrap/compiled.php(11088): Illuminate\Cookie\Guard->handle(Object(Illuminate\Http\Request), 1, true)
#22 /Users/jorgegonzac/Documents/SAD/RAS/bootstrap/compiled.php(657): Stack\StackedHttpKernel->handle(Object(Illuminate\Http\Request))
#23 /Users/jorgegonzac/Documents/SAD/RAS/public/index.php(49): Illuminate\Foundation\Application->run()
#24 /Users/jorgegonzac/Documents/SAD/RAS/server.php(19): require_once('/Users/jorgegon...')
#25 {main}

Next exception 'ErrorException' with message 'Route [sessions.store] not defined. (View: /Users/jorgegonzac/Documents/SAD/RAS/app/views/login.blade.php)' in /Users/jorgegonzac/Documents/SAD/RAS/bootstrap/compiled.php:5989
Stack trace:
#0 /Users/jorgegonzac/Documents/SAD/RAS/bootstrap/compiled.php(9925): Illuminate\View\Engines\CompilerEngine->handleViewException(Object(InvalidArgumentException), 1)
#1 /Users/jorgegonzac/Documents/SAD/RAS/vendor/laravel/framework/src/Illuminate/View/Engines/CompilerEngine.php(56): Illuminate\View\Engines\PhpEngine->evaluatePath('/Users/jorgegon...', Array)
#2 /Users/jorgegonzac/Documents/SAD/RAS/bootstrap/compiled.php(9801): Illuminate\View\Engines\CompilerEngine->get('/Users/jorgegon...', Array)
#3 /Users/jorgegonzac/Documents/SAD/RAS/bootstrap/compiled.php(9788): Illuminate\View\View->getContents()
#4 /Users/jorgegonzac/Documents/SAD/RAS/bootstrap/compiled.php(9779): Illuminate\View\View->renderContents()
#5 /Users/jorgegonzac/Documents/SAD/RAS/bootstrap/compiled.php(10481): Illuminate\View\View->render()
#6 /Users/jorgegonzac/Documents/SAD/RAS/bootstrap/compiled.php(10011): Illuminate\Http\Response->setContent(Object(Illuminate\View\View))
#7 /Users/jorgegonzac/Documents/SAD/RAS/bootstrap/compiled.php(5258): Symfony\Component\HttpFoundation\Response->__construct(Object(Illuminate\View\View))
#8 /Users/jorgegonzac/Documents/SAD/RAS/bootstrap/compiled.php(5067): Illuminate\Routing\Router->prepareResponse(Object(Illuminate\Http\Request), Object(Illuminate\View\View))
#9 /Users/jorgegonzac/Documents/SAD/RAS/bootstrap/compiled.php(5053): Illuminate\Routing\Router->dispatchToRoute(Object(Illuminate\Http\Request))
#10 /Users/jorgegonzac/Documents/SAD/RAS/bootstrap/compiled.php(715): Illuminate\Routing\Router->dispatch(Object(Illuminate\Http\Request))
#11 /Users/jorgegonzac/Documents/SAD/RAS/bootstrap/compiled.php(696): Illuminate\Foundation\Application->dispatch(Object(Illuminate\Http\Request))
#12 /Users/jorgegonzac/Documents/SAD/RAS/bootstrap/compiled.php(7825): Illuminate\Foundation\Application->handle(Object(Illuminate\Http\Request), 1, true)
#13 /Users/jorgegonzac/Documents/SAD/RAS/bootstrap/compiled.php(8432): Illuminate\Session\Middleware->handle(Object(Illuminate\Http\Request), 1, true)
#14 /Users/jorgegonzac/Documents/SAD/RAS/bootstrap/compiled.php(8379): Illuminate\Cookie\Queue->handle(Object(Illuminate\Http\Request), 1, true)
#15 /Users/jorgegonzac/Documents/SAD/RAS/bootstrap/compiled.php(11088): Illuminate\Cookie\Guard->handle(Object(Illuminate\Http\Request), 1, true)
#16 /Users/jorgegonzac/Documents/SAD/RAS/bootstrap/compiled.php(657): Stack\StackedHttpKernel->handle(Object(Illuminate\Http\Request))
#17 /Users/jorgegonzac/Documents/SAD/RAS/public/index.php(49): Illuminate\Foundation\Application->run()
#18 /Users/jorgegonzac/Documents/SAD/RAS/server.php(19): require_once('/Users/jorgegon...')
#19 {main} [] []
[2015-09-18 16:32:27] production.ERROR: exception 'PDOException' with message 'SQLSTATE[42S22]: Column not found: 1054 Unknown column 'updated_at' in 'field list'' in /Users/jorgegonzac/Documents/SAD/RAS/vendor/laravel/framework/src/Illuminate/Database/Connection.php:369
Stack trace:
#0 /Users/jorgegonzac/Documents/SAD/RAS/vendor/laravel/framework/src/Illuminate/Database/Connection.php(369): PDO->prepare('insert into `us...')
#1 /Users/jorgegonzac/Documents/SAD/RAS/vendor/laravel/framework/src/Illuminate/Database/Connection.php(617): Illuminate\Database\Connection->Illuminate\Database\{closure}(Object(Illuminate\Database\MySqlConnection), 'insert into `us...', Array)
#2 /Users/jorgegonzac/Documents/SAD/RAS/vendor/laravel/framework/src/Illuminate/Database/Connection.php(581): Illuminate\Database\Connection->runQueryCallback('insert into `us...', Array, Object(Closure))
#3 /Users/jorgegonzac/Documents/SAD/RAS/vendor/laravel/framework/src/Illuminate/Database/Connection.php(370): Illuminate\Database\Connection->run('insert into `us...', Array, Object(Closure))
#4 /Users/jorgegonzac/Documents/SAD/RAS/vendor/laravel/framework/src/Illuminate/Database/Connection.php(327): Illuminate\Database\Connection->statement('insert into `us...', Array)
#5 /Users/jorgegonzac/Documents/SAD/RAS/vendor/laravel/framework/src/Illuminate/Database/Query/Processors/Processor.php(30): Illuminate\Database\Connection->insert('insert into `us...', Array)
#6 /Users/jorgegonzac/Documents/SAD/RAS/vendor/laravel/framework/src/Illuminate/Database/Query/Builder.php(1910): Illuminate\Database\Query\Processors\Processor->processInsertGetId(Object(Illuminate\Database\Query\Builder), 'insert into `us...', Array, 'id')
#7 [internal function]: Illuminate\Database\Query\Builder->insertGetId(Array, 'id')
#8 /Users/jorgegonzac/Documents/SAD/RAS/vendor/laravel/framework/src/Illuminate/Database/Eloquent/Builder.php(972): call_user_func_array(Array, Array)
#9 /Users/jorgegonzac/Documents/SAD/RAS/bootstrap/compiled.php(6913): Illuminate\Database\Eloquent\Builder->__call('insertGetId', Array)
#10 /Users/jorgegonzac/Documents/SAD/RAS/bootstrap/compiled.php(6913): Illuminate\Database\Eloquent\Builder->insertGetId(Array, 'id')
#11 /Users/jorgegonzac/Documents/SAD/RAS/bootstrap/compiled.php(6903): Illuminate\Database\Eloquent\Model->insertAndSetId(Object(Illuminate\Database\Eloquent\Builder), Array)
#12 /Users/jorgegonzac/Documents/SAD/RAS/bootstrap/compiled.php(6860): Illuminate\Database\Eloquent\Model->performInsert(Object(Illuminate\Database\Eloquent\Builder), Array)
#13 /Users/jorgegonzac/Documents/SAD/RAS/bootstrap/compiled.php(6506): Illuminate\Database\Eloquent\Model->save()
#14 /Users/jorgegonzac/Documents/SAD/RAS/app/database/seeds/DatabaseSeeder.php(20): Illuminate\Database\Eloquent\Model::create(Array)
#15 /Users/jorgegonzac/Documents/SAD/RAS/vendor/laravel/framework/src/Illuminate/Database/Console/SeedCommand.php(57): DatabaseSeeder->run()
#16 /Users/jorgegonzac/Documents/SAD/RAS/vendor/laravel/framework/src/Illuminate/Console/Command.php(112): Illuminate\Database\Console\SeedCommand->fire()
#17 /Users/jorgegonzac/Documents/SAD/RAS/vendor/symfony/console/Symfony/Component/Console/Command/Command.php(253): Illuminate\Console\Command->execute(Object(Symfony\Component\Console\Input\ArgvInput), Object(Symfony\Component\Console\Output\ConsoleOutput))
#18 /Users/jorgegonzac/Documents/SAD/RAS/vendor/laravel/framework/src/Illuminate/Console/Command.php(100): Symfony\Component\Console\Command\Command->run(Object(Symfony\Component\Console\Input\ArgvInput), Object(Symfony\Component\Console\Output\ConsoleOutput))
#19 /Users/jorgegonzac/Documents/SAD/RAS/vendor/symfony/console/Symfony/Component/Console/Application.php(889): Illuminate\Console\Command->run(Object(Symfony\Component\Console\Input\ArgvInput), Object(Symfony\Component\Console\Output\ConsoleOutput))
#20 /Users/jorgegonzac/Documents/SAD/RAS/vendor/symfony/console/Symfony/Component/Console/Application.php(193): Symfony\Component\Console\Application->doRunCommand(Object(Illuminate\Database\Console\SeedCommand), Object(Symfony\Component\Console\Input\ArgvInput), Object(Symfony\Component\Console\Output\ConsoleOutput))
#21 /Users/jorgegonzac/Documents/SAD/RAS/vendor/symfony/console/Symfony/Component/Console/Application.php(124): Symfony\Component\Console\Application->doRun(Object(Symfony\Component\Console\Input\ArgvInput), Object(Symfony\Component\Console\Output\ConsoleOutput))
#22 /Users/jorgegonzac/Documents/SAD/RAS/artisan(59): Symfony\Component\Console\Application->run()
#23 {main}

Next exception 'Illuminate\Database\QueryException' with message 'SQLSTATE[42S22]: Column not found: 1054 Unknown column 'updated_at' in 'field list' (SQL: insert into `users` (`first_name`, `last_name`, `room_number`, `career`, `password`, `updated_at`, `created_at`) values (Jorge Luis, González Sánchez, 101, ISC, y$k1avTHI.PIvh5BHClHv2mes2BxQ.G4O7bLScxR/1XyCocY7BQPwAq, 2015-09-18 16:32:27, 2015-09-18 16:32:27))' in /Users/jorgegonzac/Documents/SAD/RAS/vendor/laravel/framework/src/Illuminate/Database/Connection.php:625
Stack trace:
#0 /Users/jorgegonzac/Documents/SAD/RAS/vendor/laravel/framework/src/Illuminate/Database/Connection.php(581): Illuminate\Database\Connection->runQueryCallback('insert into `us...', Array, Object(Closure))
#1 /Users/jorgegonzac/Documents/SAD/RAS/vendor/laravel/framework/src/Illuminate/Database/Connection.php(370): Illuminate\Database\Connection->run('insert into `us...', Array, Object(Closure))
#2 /Users/jorgegonzac/Documents/SAD/RAS/vendor/laravel/framework/src/Illuminate/Database/Connection.php(327): Illuminate\Database\Connection->statement('insert into `us...', Array)
#3 /Users/jorgegonzac/Documents/SAD/RAS/vendor/laravel/framework/src/Illuminate/Database/Query/Processors/Processor.php(30): Illuminate\Database\Connection->insert('insert into `us...', Array)
#4 /Users/jorgegonzac/Documents/SAD/RAS/vendor/laravel/framework/src/Illuminate/Database/Query/Builder.php(1910): Illuminate\Database\Query\Processors\Processor->processInsertGetId(Object(Illuminate\Database\Query\Builder), 'insert into `us...', Array, 'id')
#5 [internal function]: Illuminate\Database\Query\Builder->insertGetId(Array, 'id')
#6 /Users/jorgegonzac/Documents/SAD/RAS/vendor/laravel/framework/src/Illuminate/Database/Eloquent/Builder.php(972): call_user_func_array(Array, Array)
#7 /Users/jorgegonzac/Documents/SAD/RAS/bootstrap/compiled.php(6913): Illuminate\Database\Eloquent\Builder->__call('insertGetId', Array)
#8 /Users/jorgegonzac/Documents/SAD/RAS/bootstrap/compiled.php(6913): Illuminate\Database\Eloquent\Builder->insertGetId(Array, 'id')
#9 /Users/jorgegonzac/Documents/SAD/RAS/bootstrap/compiled.php(6903): Illuminate\Database\Eloquent\Model->insertAndSetId(Object(Illuminate\Database\Eloquent\Builder), Array)
#10 /Users/jorgegonzac/Documents/SAD/RAS/bootstrap/compiled.php(6860): Illuminate\Database\Eloquent\Model->performInsert(Object(Illuminate\Database\Eloquent\Builder), Array)
#11 /Users/jorgegonzac/Documents/SAD/RAS/bootstrap/compiled.php(6506): Illuminate\Database\Eloquent\Model->save()
#12 /Users/jorgegonzac/Documents/SAD/RAS/app/database/seeds/DatabaseSeeder.php(20): Illuminate\Database\Eloquent\Model::create(Array)
#13 /Users/jorgegonzac/Documents/SAD/RAS/vendor/laravel/framework/src/Illuminate/Database/Console/SeedCommand.php(57): DatabaseSeeder->run()
#14 /Users/jorgegonzac/Documents/SAD/RAS/vendor/laravel/framework/src/Illuminate/Console/Command.php(112): Illuminate\Database\Console\SeedCommand->fire()
#15 /Users/jorgegonzac/Documents/SAD/RAS/vendor/symfony/console/Symfony/Component/Console/Command/Command.php(253): Illuminate\Console\Command->execute(Object(Symfony\Component\Console\Input\ArgvInput), Object(Symfony\Component\Console\Output\ConsoleOutput))
#16 /Users/jorgegonzac/Documents/SAD/RAS/vendor/laravel/framework/src/Illuminate/Console/Command.php(100): Symfony\Component\Console\Command\Command->run(Object(Symfony\Component\Console\Input\ArgvInput), Object(Symfony\Component\Console\Output\ConsoleOutput))
#17 /Users/jorgegonzac/Documents/SAD/RAS/vendor/symfony/console/Symfony/Component/Console/Application.php(889): Illuminate\Console\Command->run(Object(Symfony\Component\Console\Input\ArgvInput), Object(Symfony\Component\Console\Output\ConsoleOutput))
#18 /Users/jorgegonzac/Documents/SAD/RAS/vendor/symfony/console/Symfony/Component/Console/Application.php(193): Symfony\Component\Console\Application->doRunCommand(Object(Illuminate\Database\Console\SeedCommand), Object(Symfony\Component\Console\Input\ArgvInput), Object(Symfony\Component\Console\Output\ConsoleOutput))
#19 /Users/jorgegonzac/Documents/SAD/RAS/vendor/symfony/console/Symfony/Component/Console/Application.php(124): Symfony\Component\Console\Application->doRun(Object(Symfony\Component\Console\Input\ArgvInput), Object(Symfony\Component\Console\Output\ConsoleOutput))
#20 /Users/jorgegonzac/Documents/SAD/RAS/artisan(59): Symfony\Component\Console\Application->run()
#21 {main} [] []
[2015-09-18 16:33:52] production.ERROR: exception 'InvalidArgumentException' with message 'There are no commands defined in the "make" namespace.' in /Users/jorgegonzac/Documents/SAD/RAS/vendor/symfony/console/Symfony/Component/Console/Application.php:516
Stack trace:
#0 /Users/jorgegonzac/Documents/SAD/RAS/vendor/symfony/console/Symfony/Component/Console/Application.php(550): Symfony\Component\Console\Application->findNamespace('make')
#1 /Users/jorgegonzac/Documents/SAD/RAS/vendor/symfony/console/Symfony/Component/Console/Application.php(190): Symfony\Component\Console\Application->find('make:migrate')
#2 /Users/jorgegonzac/Documents/SAD/RAS/vendor/symfony/console/Symfony/Component/Console/Application.php(124): Symfony\Component\Console\Application->doRun(Object(Symfony\Component\Console\Input\ArgvInput), Object(Symfony\Component\Console\Output\ConsoleOutput))
#3 /Users/jorgegonzac/Documents/SAD/RAS/artisan(59): Symfony\Component\Console\Application->run()
#4 {main} [] []
[2015-09-18 16:42:11] production.ERROR: exception 'InvalidArgumentException' with message 'Route [sessions.store] not defined.' in /Users/jorgegonzac/Documents/SAD/RAS/vendor/laravel/framework/src/Illuminate/Routing/UrlGenerator.php:231
Stack trace:
#0 /Users/jorgegonzac/Documents/SAD/RAS/vendor/laravel/framework/src/Illuminate/Html/FormBuilder.php(817): Illuminate\Routing\UrlGenerator->route('sessions.store')
#1 /Users/jorgegonzac/Documents/SAD/RAS/vendor/laravel/framework/src/Illuminate/Html/FormBuilder.php(774): Illuminate\Html\FormBuilder->getRouteAction('sessions.store')
#2 /Users/jorgegonzac/Documents/SAD/RAS/vendor/laravel/framework/src/Illuminate/Html/FormBuilder.php(104): Illuminate\Html\FormBuilder->getAction(Array)
#3 /Users/jorgegonzac/Documents/SAD/RAS/vendor/laravel/framework/src/Illuminate/Support/Facades/Facade.php(208): Illuminate\Html\FormBuilder->open(Array)
#4 /Users/jorgegonzac/Documents/SAD/RAS/app/storage/views/b04aeff20a733ef329e3248fa3be13c6(18): Illuminate\Support\Facades\Facade::__callStatic('open', Array)
#5 /Users/jorgegonzac/Documents/SAD/RAS/app/storage/views/b04aeff20a733ef329e3248fa3be13c6(18): Illuminate\Support\Facades\Form::open(Array)
#6 /Users/jorgegonzac/Documents/SAD/RAS/vendor/laravel/framework/src/Illuminate/View/Engines/PhpEngine.php(37): include('/Users/jorgegon...')
#7 /Users/jorgegonzac/Documents/SAD/RAS/vendor/laravel/framework/src/Illuminate/View/Engines/CompilerEngine.php(56): Illuminate\View\Engines\PhpEngine->evaluatePath('/Users/jorgegon...', Array)
#8 /Users/jorgegonzac/Documents/SAD/RAS/vendor/laravel/framework/src/Illuminate/View/View.php(134): Illuminate\View\Engines\CompilerEngine->get('/Users/jorgegon...', Array)
#9 /Users/jorgegonzac/Documents/SAD/RAS/vendor/laravel/framework/src/Illuminate/View/View.php(102): Illuminate\View\View->getContents()
#10 /Users/jorgegonzac/Documents/SAD/RAS/vendor/laravel/framework/src/Illuminate/View/View.php(76): Illuminate\View\View->renderContents()
#11 /Users/jorgegonzac/Documents/SAD/RAS/vendor/laravel/framework/src/Illuminate/Http/Response.php(43): Illuminate\View\View->render()
#12 /Users/jorgegonzac/Documents/SAD/RAS/vendor/symfony/http-foundation/Symfony/Component/HttpFoundation/Response.php(202): Illuminate\Http\Response->setContent(Object(Illuminate\View\View))
#13 /Users/jorgegonzac/Documents/SAD/RAS/vendor/laravel/framework/src/Illuminate/Routing/Router.php(1501): Symfony\Component\HttpFoundation\Response->__construct(Object(Illuminate\View\View))
#14 /Users/jorgegonzac/Documents/SAD/RAS/vendor/laravel/framework/src/Illuminate/Routing/Router.php(1036): Illuminate\Routing\Router->prepareResponse(Object(Illuminate\Http\Request), Object(Illuminate\View\View))
#15 /Users/jorgegonzac/Documents/SAD/RAS/vendor/laravel/framework/src/Illuminate/Routing/Router.php(1001): Illuminate\Routing\Router->dispatchToRoute(Object(Illuminate\Http\Request))
#16 /Users/jorgegonzac/Documents/SAD/RAS/vendor/laravel/framework/src/Illuminate/Foundation/Application.php(775): Illuminate\Routing\Router->dispatch(Object(Illuminate\Http\Request))
#17 /Users/jorgegonzac/Documents/SAD/RAS/vendor/laravel/framework/src/Illuminate/Foundation/Application.php(745): Illuminate\Foundation\Application->dispatch(Object(Illuminate\Http\Request))
#18 /Users/jorgegonzac/Documents/SAD/RAS/vendor/laravel/framework/src/Illuminate/Session/Middleware.php(72): Illuminate\Foundation\Application->handle(Object(Illuminate\Http\Request), 1, true)
#19 /Users/jorgegonzac/Documents/SAD/RAS/vendor/laravel/framework/src/Illuminate/Cookie/Queue.php(47): Illuminate\Session\Middleware->handle(Object(Illuminate\Http\Request), 1, true)
#20 /Users/jorgegonzac/Documents/SAD/RAS/vendor/laravel/framework/src/Illuminate/Cookie/Guard.php(51): Illuminate\Cookie\Queue->handle(Object(Illuminate\Http\Request), 1, true)
#21 /Users/jorgegonzac/Documents/SAD/RAS/vendor/stack/builder/src/Stack/StackedHttpKernel.php(23): Illuminate\Cookie\Guard->handle(Object(Illuminate\Http\Request), 1, true)
#22 /Users/jorgegonzac/Documents/SAD/RAS/vendor/laravel/framework/src/Illuminate/Foundation/Application.php(641): Stack\StackedHttpKernel->handle(Object(Illuminate\Http\Request))
#23 /Users/jorgegonzac/Documents/SAD/RAS/public/index.php(49): Illuminate\Foundation\Application->run()
#24 /Users/jorgegonzac/Documents/SAD/RAS/server.php(19): require_once('/Users/jorgegon...')
#25 {main}

Next exception 'ErrorException' with message 'Route [sessions.store] not defined. (View: /Users/jorgegonzac/Documents/SAD/RAS/app/views/login.blade.php)' in /Users/jorgegonzac/Documents/SAD/RAS/vendor/laravel/framework/src/Illuminate/Routing/UrlGenerator.php:231
Stack trace:
#0 /Users/jorgegonzac/Documents/SAD/RAS/vendor/laravel/framework/src/Illuminate/View/Engines/PhpEngine.php(41): Illuminate\View\Engines\CompilerEngine->handleViewException(Object(InvalidArgumentException), 1)
#1 /Users/jorgegonzac/Documents/SAD/RAS/vendor/laravel/framework/src/Illuminate/View/Engines/CompilerEngine.php(56): Illuminate\View\Engines\PhpEngine->evaluatePath('/Users/jorgegon...', Array)
#2 /Users/jorgegonzac/Documents/SAD/RAS/vendor/laravel/framework/src/Illuminate/View/View.php(134): Illuminate\View\Engines\CompilerEngine->get('/Users/jorgegon...', Array)
#3 /Users/jorgegonzac/Documents/SAD/RAS/vendor/laravel/framework/src/Illuminate/View/View.php(102): Illuminate\View\View->getContents()
#4 /Users/jorgegonzac/Documents/SAD/RAS/vendor/laravel/framework/src/Illuminate/View/View.php(76): Illuminate\View\View->renderContents()
#5 /Users/jorgegonzac/Documents/SAD/RAS/vendor/laravel/framework/src/Illuminate/Http/Response.php(43): Illuminate\View\View->render()
#6 /Users/jorgegonzac/Documents/SAD/RAS/vendor/symfony/http-foundation/Symfony/Component/HttpFoundation/Response.php(202): Illuminate\Http\Response->setContent(Object(Illuminate\View\View))
#7 /Users/jorgegonzac/Documents/SAD/RAS/vendor/laravel/framework/src/Illuminate/Routing/Router.php(1501): Symfony\Component\HttpFoundation\Response->__construct(Object(Illuminate\View\View))
#8 /Users/jorgegonzac/Documents/SAD/RAS/vendor/laravel/framework/src/Illuminate/Routing/Router.php(1036): Illuminate\Routing\Router->prepareResponse(Object(Illuminate\Http\Request), Object(Illuminate\View\View))
#9 /Users/jorgegonzac/Documents/SAD/RAS/vendor/laravel/framework/src/Illuminate/Routing/Router.php(1001): Illuminate\Routing\Router->dispatchToRoute(Object(Illuminate\Http\Request))
#10 /Users/jorgegonzac/Documents/SAD/RAS/vendor/laravel/framework/src/Illuminate/Foundation/Application.php(775): Illuminate\Routing\Router->dispatch(Object(Illuminate\Http\Request))
#11 /Users/jorgegonzac/Documents/SAD/RAS/vendor/laravel/framework/src/Illuminate/Foundation/Application.php(745): Illuminate\Foundation\Application->dispatch(Object(Illuminate\Http\Request))
#12 /Users/jorgegonzac/Documents/SAD/RAS/vendor/laravel/framework/src/Illuminate/Session/Middleware.php(72): Illuminate\Foundation\Application->handle(Object(Illuminate\Http\Request), 1, true)
#13 /Users/jorgegonzac/Documents/SAD/RAS/vendor/laravel/framework/src/Illuminate/Cookie/Queue.php(47): Illuminate\Session\Middleware->handle(Object(Illuminate\Http\Request), 1, true)
#14 /Users/jorgegonzac/Documents/SAD/RAS/vendor/laravel/framework/src/Illuminate/Cookie/Guard.php(51): Illuminate\Cookie\Queue->handle(Object(Illuminate\Http\Request), 1, true)
#15 /Users/jorgegonzac/Documents/SAD/RAS/vendor/stack/builder/src/Stack/StackedHttpKernel.php(23): Illuminate\Cookie\Guard->handle(Object(Illuminate\Http\Request), 1, true)
#16 /Users/jorgegonzac/Documents/SAD/RAS/vendor/laravel/framework/src/Illuminate/Foundation/Application.php(641): Stack\StackedHttpKernel->handle(Object(Illuminate\Http\Request))
#17 /Users/jorgegonzac/Documents/SAD/RAS/public/index.php(49): Illuminate\Foundation\Application->run()
#18 /Users/jorgegonzac/Documents/SAD/RAS/server.php(19): require_once('/Users/jorgegon...')
#19 {main} [] []
[2015-09-18 16:57:09] production.ERROR: exception 'InvalidArgumentException' with message 'Route [sessions.store] not defined.' in /Users/jorgegonzac/Documents/SAD/RAS/vendor/laravel/framework/src/Illuminate/Routing/UrlGenerator.php:231
Stack trace:
#0 /Users/jorgegonzac/Documents/SAD/RAS/vendor/laravel/framework/src/Illuminate/Html/FormBuilder.php(817): Illuminate\Routing\UrlGenerator->route('sessions.store')
#1 /Users/jorgegonzac/Documents/SAD/RAS/vendor/laravel/framework/src/Illuminate/Html/FormBuilder.php(774): Illuminate\Html\FormBuilder->getRouteAction('sessions.store')
#2 /Users/jorgegonzac/Documents/SAD/RAS/vendor/laravel/framework/src/Illuminate/Html/FormBuilder.php(104): Illuminate\Html\FormBuilder->getAction(Array)
#3 /Users/jorgegonzac/Documents/SAD/RAS/vendor/laravel/framework/src/Illuminate/Support/Facades/Facade.php(208): Illuminate\Html\FormBuilder->open(Array)
#4 /Users/jorgegonzac/Documents/SAD/RAS/app/storage/views/b04aeff20a733ef329e3248fa3be13c6(18): Illuminate\Support\Facades\Facade::__callStatic('open', Array)
#5 /Users/jorgegonzac/Documents/SAD/RAS/app/storage/views/b04aeff20a733ef329e3248fa3be13c6(18): Illuminate\Support\Facades\Form::open(Array)
#6 /Users/jorgegonzac/Documents/SAD/RAS/vendor/laravel/framework/src/Illuminate/View/Engines/PhpEngine.php(37): include('/Users/jorgegon...')
#7 /Users/jorgegonzac/Documents/SAD/RAS/vendor/laravel/framework/src/Illuminate/View/Engines/CompilerEngine.php(56): Illuminate\View\Engines\PhpEngine->evaluatePath('/Users/jorgegon...', Array)
#8 /Users/jorgegonzac/Documents/SAD/RAS/vendor/laravel/framework/src/Illuminate/View/View.php(134): Illuminate\View\Engines\CompilerEngine->get('/Users/jorgegon...', Array)
#9 /Users/jorgegonzac/Documents/SAD/RAS/vendor/laravel/framework/src/Illuminate/View/View.php(102): Illuminate\View\View->getContents()
#10 /Users/jorgegonzac/Documents/SAD/RAS/vendor/laravel/framework/src/Illuminate/View/View.php(76): Illuminate\View\View->renderContents()
#11 /Users/jorgegonzac/Documents/SAD/RAS/vendor/laravel/framework/src/Illuminate/Http/Response.php(43): Illuminate\View\View->render()
#12 /Users/jorgegonzac/Documents/SAD/RAS/vendor/symfony/http-foundation/Symfony/Component/HttpFoundation/Response.php(202): Illuminate\Http\Response->setContent(Object(Illuminate\View\View))
#13 /Users/jorgegonzac/Documents/SAD/RAS/vendor/laravel/framework/src/Illuminate/Routing/Router.php(1501): Symfony\Component\HttpFoundation\Response->__construct(Object(Illuminate\View\View))
#14 /Users/jorgegonzac/Documents/SAD/RAS/vendor/laravel/framework/src/Illuminate/Routing/Router.php(1036): Illuminate\Routing\Router->prepareResponse(Object(Illuminate\Http\Request), Object(Illuminate\View\View))
#15 /Users/jorgegonzac/Documents/SAD/RAS/vendor/laravel/framework/src/Illuminate/Routing/Router.php(1001): Illuminate\Routing\Router->dispatchToRoute(Object(Illuminate\Http\Request))
#16 /Users/jorgegonzac/Documents/SAD/RAS/vendor/laravel/framework/src/Illuminate/Foundation/Application.php(775): Illuminate\Routing\Router->dispatch(Object(Illuminate\Http\Request))
#17 /Users/jorgegonzac/Documents/SAD/RAS/vendor/laravel/framework/src/Illuminate/Foundation/Application.php(745): Illuminate\Foundation\Application->dispatch(Object(Illuminate\Http\Request))
#18 /Users/jorgegonzac/Documents/SAD/RAS/vendor/laravel/framework/src/Illuminate/Session/Middleware.php(72): Illuminate\Foundation\Application->handle(Object(Illuminate\Http\Request), 1, true)
#19 /Users/jorgegonzac/Documents/SAD/RAS/vendor/laravel/framework/src/Illuminate/Cookie/Queue.php(47): Illuminate\Session\Middleware->handle(Object(Illuminate\Http\Request), 1, true)
#20 /Users/jorgegonzac/Documents/SAD/RAS/vendor/laravel/framework/src/Illuminate/Cookie/Guard.php(51): Illuminate\Cookie\Queue->handle(Object(Illuminate\Http\Request), 1, true)
#21 /Users/jorgegonzac/Documents/SAD/RAS/vendor/stack/builder/src/Stack/StackedHttpKernel.php(23): Illuminate\Cookie\Guard->handle(Object(Illuminate\Http\Request), 1, true)
#22 /Users/jorgegonzac/Documents/SAD/RAS/vendor/laravel/framework/src/Illuminate/Foundation/Application.php(641): Stack\StackedHttpKernel->handle(Object(Illuminate\Http\Request))
#23 /Users/jorgegonzac/Documents/SAD/RAS/public/index.php(49): Illuminate\Foundation\Application->run()
#24 /Users/jorgegonzac/Documents/SAD/RAS/server.php(19): require_once('/Users/jorgegon...')
#25 {main}

Next exception 'ErrorException' with message 'Route [sessions.store] not defined. (View: /Users/jorgegonzac/Documents/SAD/RAS/app/views/login.blade.php)' in /Users/jorgegonzac/Documents/SAD/RAS/vendor/laravel/framework/src/Illuminate/Routing/UrlGenerator.php:231
Stack trace:
#0 /Users/jorgegonzac/Documents/SAD/RAS/vendor/laravel/framework/src/Illuminate/View/Engines/PhpEngine.php(41): Illuminate\View\Engines\CompilerEngine->handleViewException(Object(InvalidArgumentException), 1)
#1 /Users/jorgegonzac/Documents/SAD/RAS/vendor/laravel/framework/src/Illuminate/View/Engines/CompilerEngine.php(56): Illuminate\View\Engines\PhpEngine->evaluatePath('/Users/jorgegon...', Array)
#2 /Users/jorgegonzac/Documents/SAD/RAS/vendor/laravel/framework/src/Illuminate/View/View.php(134): Illuminate\View\Engines\CompilerEngine->get('/Users/jorgegon...', Array)
#3 /Users/jorgegonzac/Documents/SAD/RAS/vendor/laravel/framework/src/Illuminate/View/View.php(102): Illuminate\View\View->getContents()
#4 /Users/jorgegonzac/Documents/SAD/RAS/vendor/laravel/framework/src/Illuminate/View/View.php(76): Illuminate\View\View->renderContents()
#5 /Users/jorgegonzac/Documents/SAD/RAS/vendor/laravel/framework/src/Illuminate/Http/Response.php(43): Illuminate\View\View->render()
#6 /Users/jorgegonzac/Documents/SAD/RAS/vendor/symfony/http-foundation/Symfony/Component/HttpFoundation/Response.php(202): Illuminate\Http\Response->setContent(Object(Illuminate\View\View))
#7 /Users/jorgegonzac/Documents/SAD/RAS/vendor/laravel/framework/src/Illuminate/Routing/Router.php(1501): Symfony\Component\HttpFoundation\Response->__construct(Object(Illuminate\View\View))
#8 /Users/jorgegonzac/Documents/SAD/RAS/vendor/laravel/framework/src/Illuminate/Routing/Router.php(1036): Illuminate\Routing\Router->prepareResponse(Object(Illuminate\Http\Request), Object(Illuminate\View\View))
#9 /Users/jorgegonzac/Documents/SAD/RAS/vendor/laravel/framework/src/Illuminate/Routing/Router.php(1001): Illuminate\Routing\Router->dispatchToRoute(Object(Illuminate\Http\Request))
#10 /Users/jorgegonzac/Documents/SAD/RAS/vendor/laravel/framework/src/Illuminate/Foundation/Application.php(775): Illuminate\Routing\Router->dispatch(Object(Illuminate\Http\Request))
#11 /Users/jorgegonzac/Documents/SAD/RAS/vendor/laravel/framework/src/Illuminate/Foundation/Application.php(745): Illuminate\Foundation\Application->dispatch(Object(Illuminate\Http\Request))
#12 /Users/jorgegonzac/Documents/SAD/RAS/vendor/laravel/framework/src/Illuminate/Session/Middleware.php(72): Illuminate\Foundation\Application->handle(Object(Illuminate\Http\Request), 1, true)
#13 /Users/jorgegonzac/Documents/SAD/RAS/vendor/laravel/framework/src/Illuminate/Cookie/Queue.php(47): Illuminate\Session\Middleware->handle(Object(Illuminate\Http\Request), 1, true)
#14 /Users/jorgegonzac/Documents/SAD/RAS/vendor/laravel/framework/src/Illuminate/Cookie/Guard.php(51): Illuminate\Cookie\Queue->handle(Object(Illuminate\Http\Request), 1, true)
#15 /Users/jorgegonzac/Documents/SAD/RAS/vendor/stack/builder/src/Stack/StackedHttpKernel.php(23): Illuminate\Cookie\Guard->handle(Object(Illuminate\Http\Request), 1, true)
#16 /Users/jorgegonzac/Documents/SAD/RAS/vendor/laravel/framework/src/Illuminate/Foundation/Application.php(641): Stack\StackedHttpKernel->handle(Object(Illuminate\Http\Request))
#17 /Users/jorgegonzac/Documents/SAD/RAS/public/index.php(49): Illuminate\Foundation\Application->run()
#18 /Users/jorgegonzac/Documents/SAD/RAS/server.php(19): require_once('/Users/jorgegon...')
#19 {main} [] []
[2015-09-18 17:20:19] production.ERROR: exception 'Symfony\Component\Debug\Exception\FatalErrorException' with message 'Call to undefined function auth_pop3_ssl()' in /Users/jorgegonzac/Documents/SAD/RAS/app/controllers/SessionsController.php:45
Stack trace:
#0 [internal function]: Illuminate\Exception\Handler->handleShutdown()
#1 {main} [] []
[2015-09-18 17:25:21] production.ERROR: exception 'ErrorException' with message 'The use statement with non-compound name 'popclass' has no effect' in /Users/jorgegonzac/Documents/SAD/RAS/app/controllers/SessionsController.php:2
Stack trace:
#0 /Users/jorgegonzac/Documents/SAD/RAS/vendor/composer/ClassLoader.php(412): Illuminate\Exception\Handler->handleError(2, 'The use stateme...', '/Users/jorgegon...', 2, Array)
#1 /Users/jorgegonzac/Documents/SAD/RAS/vendor/composer/ClassLoader.php(412): Composer\Autoload\includeFile()
#2 /Users/jorgegonzac/Documents/SAD/RAS/vendor/composer/ClassLoader.php(301): Composer\Autoload\includeFile('/Users/jorgegon...')
#3 [internal function]: Composer\Autoload\ClassLoader->loadClass('SessionsControl...')
#4 [internal function]: spl_autoload_call('SessionsControl...')
#5 /Users/jorgegonzac/Documents/SAD/RAS/vendor/laravel/framework/src/Illuminate/Container/Container.php(504): ReflectionClass->__construct('SessionsControl...')
#6 /Users/jorgegonzac/Documents/SAD/RAS/vendor/laravel/framework/src/Illuminate/Container/Container.php(428): Illuminate\Container\Container->build('SessionsControl...', Array)
#7 /Users/jorgegonzac/Documents/SAD/RAS/vendor/laravel/framework/src/Illuminate/Foundation/Application.php(462): Illuminate\Container\Container->make('SessionsControl...', Array)
#8 /Users/jorgegonzac/Documents/SAD/RAS/vendor/laravel/framework/src/Illuminate/Routing/ControllerDispatcher.php(78): Illuminate\Foundation\Application->make('SessionsControl...')
#9 /Users/jorgegonzac/Documents/SAD/RAS/vendor/laravel/framework/src/Illuminate/Routing/ControllerDispatcher.php(51): Illuminate\Routing\ControllerDispatcher->makeController('SessionsControl...')
#10 /Users/jorgegonzac/Documents/SAD/RAS/vendor/laravel/framework/src/Illuminate/Routing/Router.php(967): Illuminate\Routing\ControllerDispatcher->dispatch(Object(Illuminate\Routing\Route), Object(Illuminate\Http\Request), 'SessionsControl...', 'create')
#11 [internal function]: Illuminate\Routing\Router->Illuminate\Routing\{closure}()
#12 /Users/jorgegonzac/Documents/SAD/RAS/vendor/laravel/framework/src/Illuminate/Routing/Route.php(109): call_user_func_array(Object(Closure), Array)
#13 /Users/jorgegonzac/Documents/SAD/RAS/vendor/laravel/framework/src/Illuminate/Routing/Router.php(1033): Illuminate\Routing\Route->run(Object(Illuminate\Http\Request))
#14 /Users/jorgegonzac/Documents/SAD/RAS/vendor/laravel/framework/src/Illuminate/Routing/Router.php(1001): Illuminate\Routing\Router->dispatchToRoute(Object(Illuminate\Http\Request))
#15 /Users/jorgegonzac/Documents/SAD/RAS/vendor/laravel/framework/src/Illuminate/Foundation/Application.php(775): Illuminate\Routing\Router->dispatch(Object(Illuminate\Http\Request))
#16 /Users/jorgegonzac/Documents/SAD/RAS/vendor/laravel/framework/src/Illuminate/Foundation/Application.php(745): Illuminate\Foundation\Application->dispatch(Object(Illuminate\Http\Request))
#17 /Users/jorgegonzac/Documents/SAD/RAS/vendor/laravel/framework/src/Illuminate/Session/Middleware.php(72): Illuminate\Foundation\Application->handle(Object(Illuminate\Http\Request), 1, true)
#18 /Users/jorgegonzac/Documents/SAD/RAS/vendor/laravel/framework/src/Illuminate/Cookie/Queue.php(47): Illuminate\Session\Middleware->handle(Object(Illuminate\Http\Request), 1, true)
#19 /Users/jorgegonzac/Documents/SAD/RAS/vendor/laravel/framework/src/Illuminate/Cookie/Guard.php(51): Illuminate\Cookie\Queue->handle(Object(Illuminate\Http\Request), 1, true)
#20 /Users/jorgegonzac/Documents/SAD/RAS/vendor/stack/builder/src/Stack/StackedHttpKernel.php(23): Illuminate\Cookie\Guard->handle(Object(Illuminate\Http\Request), 1, true)
#21 /Users/jorgegonzac/Documents/SAD/RAS/vendor/laravel/framework/src/Illuminate/Foundation/Application.php(641): Stack\StackedHttpKernel->handle(Object(Illuminate\Http\Request))
#22 /Users/jorgegonzac/Documents/SAD/RAS/public/index.php(49): Illuminate\Foundation\Application->run()
#23 /Users/jorgegonzac/Documents/SAD/RAS/server.php(19): require_once('/Users/jorgegon...')
#24 {main} [] []
[2015-09-18 17:25:26] production.ERROR: exception 'ErrorException' with message 'The use statement with non-compound name 'popclass' has no effect' in /Users/jorgegonzac/Documents/SAD/RAS/app/controllers/SessionsController.php:2
Stack trace:
#0 /Users/jorgegonzac/Documents/SAD/RAS/vendor/composer/ClassLoader.php(412): Illuminate\Exception\Handler->handleError(2, 'The use stateme...', '/Users/jorgegon...', 2, Array)
#1 /Users/jorgegonzac/Documents/SAD/RAS/vendor/composer/ClassLoader.php(412): Composer\Autoload\includeFile()
#2 /Users/jorgegonzac/Documents/SAD/RAS/vendor/composer/ClassLoader.php(301): Composer\Autoload\includeFile('/Users/jorgegon...')
#3 [internal function]: Composer\Autoload\ClassLoader->loadClass('SessionsControl...')
#4 [internal function]: spl_autoload_call('SessionsControl...')
#5 /Users/jorgegonzac/Documents/SAD/RAS/vendor/laravel/framework/src/Illuminate/Container/Container.php(504): ReflectionClass->__construct('SessionsControl...')
#6 /Users/jorgegonzac/Documents/SAD/RAS/vendor/laravel/framework/src/Illuminate/Container/Container.php(428): Illuminate\Container\Container->build('SessionsControl...', Array)
#7 /Users/jorgegonzac/Documents/SAD/RAS/vendor/laravel/framework/src/Illuminate/Foundation/Application.php(462): Illuminate\Container\Container->make('SessionsControl...', Array)
#8 /Users/jorgegonzac/Documents/SAD/RAS/vendor/laravel/framework/src/Illuminate/Routing/ControllerDispatcher.php(78): Illuminate\Foundation\Application->make('SessionsControl...')
#9 /Users/jorgegonzac/Documents/SAD/RAS/vendor/laravel/framework/src/Illuminate/Routing/ControllerDispatcher.php(51): Illuminate\Routing\ControllerDispatcher->makeController('SessionsControl...')
#10 /Users/jorgegonzac/Documents/SAD/RAS/vendor/laravel/framework/src/Illuminate/Routing/Router.php(967): Illuminate\Routing\ControllerDispatcher->dispatch(Object(Illuminate\Routing\Route), Object(Illuminate\Http\Request), 'SessionsControl...', 'create')
#11 [internal function]: Illuminate\Routing\Router->Illuminate\Routing\{closure}()
#12 /Users/jorgegonzac/Documents/SAD/RAS/vendor/laravel/framework/src/Illuminate/Routing/Route.php(109): call_user_func_array(Object(Closure), Array)
#13 /Users/jorgegonzac/Documents/SAD/RAS/vendor/laravel/framework/src/Illuminate/Routing/Router.php(1033): Illuminate\Routing\Route->run(Object(Illuminate\Http\Request))
#14 /Users/jorgegonzac/Documents/SAD/RAS/vendor/laravel/framework/src/Illuminate/Routing/Router.php(1001): Illuminate\Routing\Router->dispatchToRoute(Object(Illuminate\Http\Request))
#15 /Users/jorgegonzac/Documents/SAD/RAS/vendor/laravel/framework/src/Illuminate/Foundation/Application.php(775): Illuminate\Routing\Router->dispatch(Object(Illuminate\Http\Request))
#16 /Users/jorgegonzac/Documents/SAD/RAS/vendor/laravel/framework/src/Illuminate/Foundation/Application.php(745): Illuminate\Foundation\Application->dispatch(Object(Illuminate\Http\Request))
#17 /Users/jorgegonzac/Documents/SAD/RAS/vendor/laravel/framework/src/Illuminate/Session/Middleware.php(72): Illuminate\Foundation\Application->handle(Object(Illuminate\Http\Request), 1, true)
#18 /Users/jorgegonzac/Documents/SAD/RAS/vendor/laravel/framework/src/Illuminate/Cookie/Queue.php(47): Illuminate\Session\Middleware->handle(Object(Illuminate\Http\Request), 1, true)
#19 /Users/jorgegonzac/Documents/SAD/RAS/vendor/laravel/framework/src/Illuminate/Cookie/Guard.php(51): Illuminate\Cookie\Queue->handle(Object(Illuminate\Http\Request), 1, true)
#20 /Users/jorgegonzac/Documents/SAD/RAS/vendor/stack/builder/src/Stack/StackedHttpKernel.php(23): Illuminate\Cookie\Guard->handle(Object(Illuminate\Http\Request), 1, true)
#21 /Users/jorgegonzac/Documents/SAD/RAS/vendor/laravel/framework/src/Illuminate/Foundation/Application.php(641): Stack\StackedHttpKernel->handle(Object(Illuminate\Http\Request))
#22 /Users/jorgegonzac/Documents/SAD/RAS/public/index.php(49): Illuminate\Foundation\Application->run()
#23 /Users/jorgegonzac/Documents/SAD/RAS/server.php(19): require_once('/Users/jorgegon...')
#24 {main} [] []
[2015-09-18 17:25:29] production.ERROR: exception 'ErrorException' with message 'The use statement with non-compound name 'popclass' has no effect' in /Users/jorgegonzac/Documents/SAD/RAS/app/controllers/SessionsController.php:2
Stack trace:
#0 /Users/jorgegonzac/Documents/SAD/RAS/vendor/composer/ClassLoader.php(412): Illuminate\Exception\Handler->handleError(2, 'The use stateme...', '/Users/jorgegon...', 2, Array)
#1 /Users/jorgegonzac/Documents/SAD/RAS/vendor/composer/ClassLoader.php(412): Composer\Autoload\includeFile()
#2 /Users/jorgegonzac/Documents/SAD/RAS/vendor/composer/ClassLoader.php(301): Composer\Autoload\includeFile('/Users/jorgegon...')
#3 [internal function]: Composer\Autoload\ClassLoader->loadClass('SessionsControl...')
#4 [internal function]: spl_autoload_call('SessionsControl...')
#5 /Users/jorgegonzac/Documents/SAD/RAS/vendor/laravel/framework/src/Illuminate/Container/Container.php(504): ReflectionClass->__construct('SessionsControl...')
#6 /Users/jorgegonzac/Documents/SAD/RAS/vendor/laravel/framework/src/Illuminate/Container/Container.php(428): Illuminate\Container\Container->build('SessionsControl...', Array)
#7 /Users/jorgegonzac/Documents/SAD/RAS/vendor/laravel/framework/src/Illuminate/Foundation/Application.php(462): Illuminate\Container\Container->make('SessionsControl...', Array)
#8 /Users/jorgegonzac/Documents/SAD/RAS/vendor/laravel/framework/src/Illuminate/Routing/ControllerDispatcher.php(78): Illuminate\Foundation\Application->make('SessionsControl...')
#9 /Users/jorgegonzac/Documents/SAD/RAS/vendor/laravel/framework/src/Illuminate/Routing/ControllerDispatcher.php(51): Illuminate\Routing\ControllerDispatcher->makeController('SessionsControl...')
#10 /Users/jorgegonzac/Documents/SAD/RAS/vendor/laravel/framework/src/Illuminate/Routing/Router.php(967): Illuminate\Routing\ControllerDispatcher->dispatch(Object(Illuminate\Routing\Route), Object(Illuminate\Http\Request), 'SessionsControl...', 'create')
#11 [internal function]: Illuminate\Routing\Router->Illuminate\Routing\{closure}()
#12 /Users/jorgegonzac/Documents/SAD/RAS/vendor/laravel/framework/src/Illuminate/Routing/Route.php(109): call_user_func_array(Object(Closure), Array)
#13 /Users/jorgegonzac/Documents/SAD/RAS/vendor/laravel/framework/src/Illuminate/Routing/Router.php(1033): Illuminate\Routing\Route->run(Object(Illuminate\Http\Request))
#14 /Users/jorgegonzac/Documents/SAD/RAS/vendor/laravel/framework/src/Illuminate/Routing/Router.php(1001): Illuminate\Routing\Router->dispatchToRoute(Object(Illuminate\Http\Request))
#15 /Users/jorgegonzac/Documents/SAD/RAS/vendor/laravel/framework/src/Illuminate/Foundation/Application.php(775): Illuminate\Routing\Router->dispatch(Object(Illuminate\Http\Request))
#16 /Users/jorgegonzac/Documents/SAD/RAS/vendor/laravel/framework/src/Illuminate/Foundation/Application.php(745): Illuminate\Foundation\Application->dispatch(Object(Illuminate\Http\Request))
#17 /Users/jorgegonzac/Documents/SAD/RAS/vendor/laravel/framework/src/Illuminate/Session/Middleware.php(72): Illuminate\Foundation\Application->handle(Object(Illuminate\Http\Request), 1, true)
#18 /Users/jorgegonzac/Documents/SAD/RAS/vendor/laravel/framework/src/Illuminate/Cookie/Queue.php(47): Illuminate\Session\Middleware->handle(Object(Illuminate\Http\Request), 1, true)
#19 /Users/jorgegonzac/Documents/SAD/RAS/vendor/laravel/framework/src/Illuminate/Cookie/Guard.php(51): Illuminate\Cookie\Queue->handle(Object(Illuminate\Http\Request), 1, true)
#20 /Users/jorgegonzac/Documents/SAD/RAS/vendor/stack/builder/src/Stack/StackedHttpKernel.php(23): Illuminate\Cookie\Guard->handle(Object(Illuminate\Http\Request), 1, true)
#21 /Users/jorgegonzac/Documents/SAD/RAS/vendor/laravel/framework/src/Illuminate/Foundation/Application.php(641): Stack\StackedHttpKernel->handle(Object(Illuminate\Http\Request))
#22 /Users/jorgegonzac/Documents/SAD/RAS/public/index.php(49): Illuminate\Foundation\Application->run()
#23 /Users/jorgegonzac/Documents/SAD/RAS/server.php(19): require_once('/Users/jorgegon...')
#24 {main} [] []
[2015-09-18 17:25:40] production.ERROR: exception 'Symfony\Component\Debug\Exception\FatalErrorException' with message 'Call to undefined function auth_pop3_ssl()' in /Users/jorgegonzac/Documents/SAD/RAS/app/controllers/SessionsController.php:45
Stack trace:
#0 [internal function]: Illuminate\Exception\Handler->handleShutdown()
#1 {main} [] []
[2015-09-18 17:27:51] production.ERROR: exception 'ErrorException' with message 'The use statement with non-compound name 'popclass' has no effect' in /Users/jorgegonzac/Documents/SAD/RAS/app/controllers/SessionsController.php:2
Stack trace:
#0 /Users/jorgegonzac/Documents/SAD/RAS/vendor/composer/ClassLoader.php(412): Illuminate\Exception\Handler->handleError(2, 'The use stateme...', '/Users/jorgegon...', 2, Array)
#1 /Users/jorgegonzac/Documents/SAD/RAS/vendor/composer/ClassLoader.php(412): Composer\Autoload\includeFile()
#2 /Users/jorgegonzac/Documents/SAD/RAS/vendor/composer/ClassLoader.php(301): Composer\Autoload\includeFile('/Users/jorgegon...')
#3 [internal function]: Composer\Autoload\ClassLoader->loadClass('SessionsControl...')
#4 [internal function]: spl_autoload_call('SessionsControl...')
#5 /Users/jorgegonzac/Documents/SAD/RAS/vendor/laravel/framework/src/Illuminate/Container/Container.php(504): ReflectionClass->__construct('SessionsControl...')
#6 /Users/jorgegonzac/Documents/SAD/RAS/vendor/laravel/framework/src/Illuminate/Container/Container.php(428): Illuminate\Container\Container->build('SessionsControl...', Array)
#7 /Users/jorgegonzac/Documents/SAD/RAS/vendor/laravel/framework/src/Illuminate/Foundation/Application.php(462): Illuminate\Container\Container->make('SessionsControl...', Array)
#8 /Users/jorgegonzac/Documents/SAD/RAS/vendor/laravel/framework/src/Illuminate/Routing/ControllerDispatcher.php(78): Illuminate\Foundation\Application->make('SessionsControl...')
#9 /Users/jorgegonzac/Documents/SAD/RAS/vendor/laravel/framework/src/Illuminate/Routing/ControllerDispatcher.php(51): Illuminate\Routing\ControllerDispatcher->makeController('SessionsControl...')
#10 /Users/jorgegonzac/Documents/SAD/RAS/vendor/laravel/framework/src/Illuminate/Routing/Router.php(967): Illuminate\Routing\ControllerDispatcher->dispatch(Object(Illuminate\Routing\Route), Object(Illuminate\Http\Request), 'SessionsControl...', 'create')
#11 [internal function]: Illuminate\Routing\Router->Illuminate\Routing\{closure}()
#12 /Users/jorgegonzac/Documents/SAD/RAS/vendor/laravel/framework/src/Illuminate/Routing/Route.php(109): call_user_func_array(Object(Closure), Array)
#13 /Users/jorgegonzac/Documents/SAD/RAS/vendor/laravel/framework/src/Illuminate/Routing/Router.php(1033): Illuminate\Routing\Route->run(Object(Illuminate\Http\Request))
#14 /Users/jorgegonzac/Documents/SAD/RAS/vendor/laravel/framework/src/Illuminate/Routing/Router.php(1001): Illuminate\Routing\Router->dispatchToRoute(Object(Illuminate\Http\Request))
#15 /Users/jorgegonzac/Documents/SAD/RAS/vendor/laravel/framework/src/Illuminate/Foundation/Application.php(775): Illuminate\Routing\Router->dispatch(Object(Illuminate\Http\Request))
#16 /Users/jorgegonzac/Documents/SAD/RAS/vendor/laravel/framework/src/Illuminate/Foundation/Application.php(745): Illuminate\Foundation\Application->dispatch(Object(Illuminate\Http\Request))
#17 /Users/jorgegonzac/Documents/SAD/RAS/vendor/laravel/framework/src/Illuminate/Session/Middleware.php(72): Illuminate\Foundation\Application->handle(Object(Illuminate\Http\Request), 1, true)
#18 /Users/jorgegonzac/Documents/SAD/RAS/vendor/laravel/framework/src/Illuminate/Cookie/Queue.php(47): Illuminate\Session\Middleware->handle(Object(Illuminate\Http\Request), 1, true)
#19 /Users/jorgegonzac/Documents/SAD/RAS/vendor/laravel/framework/src/Illuminate/Cookie/Guard.php(51): Illuminate\Cookie\Queue->handle(Object(Illuminate\Http\Request), 1, true)
#20 /Users/jorgegonzac/Documents/SAD/RAS/vendor/stack/builder/src/Stack/StackedHttpKernel.php(23): Illuminate\Cookie\Guard->handle(Object(Illuminate\Http\Request), 1, true)
#21 /Users/jorgegonzac/Documents/SAD/RAS/vendor/laravel/framework/src/Illuminate/Foundation/Application.php(641): Stack\StackedHttpKernel->handle(Object(Illuminate\Http\Request))
#22 /Users/jorgegonzac/Documents/SAD/RAS/public/index.php(49): Illuminate\Foundation\Application->run()
#23 /Users/jorgegonzac/Documents/SAD/RAS/server.php(19): require_once('/Users/jorgegon...')
#24 {main} [] []
[2015-09-18 17:28:54] production.ERROR: exception 'Symfony\Component\Debug\Exception\FatalErrorException' with message 'Call to undefined function auth_pop3_ssl()' in /Users/jorgegonzac/Documents/SAD/RAS/app/controllers/SessionsController.php:45
Stack trace:
#0 [internal function]: Illuminate\Exception\Handler->handleShutdown()
#1 {main} [] []
[2015-09-18 17:29:07] production.ERROR: exception 'Symfony\Component\Debug\Exception\FatalErrorException' with message 'syntax error, unexpected '->' (T_OBJECT_OPERATOR)' in /Users/jorgegonzac/Documents/SAD/RAS/app/controllers/SessionsController.php:45
Stack trace:
#0 [internal function]: Illuminate\Exception\Handler->handleShutdown()
#1 {main} [] []
[2015-09-18 17:29:18] production.ERROR: exception 'Symfony\Component\Debug\Exception\FatalErrorException' with message 'Class 'popclass' not found' in /Users/jorgegonzac/Documents/SAD/RAS/app/controllers/SessionsController.php:45
Stack trace:
#0 [internal function]: Illuminate\Exception\Handler->handleShutdown()
#1 {main} [] []
[2015-09-18 17:32:55] production.ERROR: exception 'Symfony\Component\Debug\Exception\FatalErrorException' with message 'Call to undefined function auth_pop3_ssl()' in /Users/jorgegonzac/Documents/SAD/RAS/app/controllers/SessionsController.php:44
Stack trace:
#0 [internal function]: Illuminate\Exception\Handler->handleShutdown()
#1 {main} [] []
[2015-09-18 17:33:09] production.ERROR: exception 'Symfony\Component\Debug\Exception\FatalErrorException' with message 'syntax error, unexpected '->' (T_OBJECT_OPERATOR)' in /Users/jorgegonzac/Documents/SAD/RAS/app/controllers/SessionsController.php:44
Stack trace:
#0 [internal function]: Illuminate\Exception\Handler->handleShutdown()
#1 {main} [] []
